No.     Time           Source                Destination           Protocol Length Info 
    507 8.744361661    192.168.1.245         193.136.9.254         ICMP     74     Echo (ping) request  id=0x59d6, seq=10/2560, ttl=4 (no response found!)

Frame 507: 74 bytes on wire (592 bits), 74 bytes captured (592 bits) on interface 0
    Interface id: 0 (enp4s0)
        Interface name: enp4s0
    Encapsulation type: Ethernet (1)
    Arrival Time: Oct 20, 2017 01:45:51.218862730 WEST
    [Time shift for this packet: 0.000000000 seconds]
    Epoch Time: 1508460351.218862730 seconds
    [Time delta from previous captured frame: 0.000003307 seconds]
    [Time delta from previous displayed frame: 0.000003307 seconds]
    [Time since reference or first frame: 8.744361661 seconds]
    Frame Number: 507
    Frame Length: 74 bytes (592 bits)
    Capture Length: 74 bytes (592 bits)
    [Frame is marked: False]
    [Frame is ignored: False]
    [Protocols in frame: eth:ethertype:ip:icmp:data]
    [Coloring Rule Name: ICMP]
    [Coloring Rule String: icmp || icmpv6]
Ethernet II, Src: Pegatron_49:f9:c2 (00:71:c2:49:f9:c2), Dst: HuaweiTe_fa:f0:96 (fc:e3:3c:fa:f0:96)
Internet Protocol Version 4, Src: 192.168.1.245, Dst: 193.136.9.254
    0100 .... = Version: 4
    .... 0101 = Header Length: 20 bytes (5)
    Differentiated Services Field: 0x00 (DSCP: CS0, ECN: Not-ECT)
        0000 00.. = Differentiated Services Codepoint: Default (0)
        .... ..00 = Explicit Congestion Notification: Not ECN-Capable Transport (0)
    Total Length: 60
    Identification: 0xfd9e (64926)
    Flags: 0x00
        0... .... = Reserved bit: Not set
        .0.. .... = Don't fragment: Not set
        ..0. .... = More fragments: Not set
    Fragment offset: 0
    Time to live: 4
        [Expert Info (Note/Sequence): "Time To Live" only 4]
            ["Time To Live" only 4]
            [Severity level: Note]
            [Group: Sequence]
    Protocol: ICMP (1)
    Header checksum: 0x2aff [validation disabled]
    [Header checksum status: Unverified]
    Source: 192.168.1.245
    Destination: 193.136.9.254
    [Source GeoIP: Unknown]
    [Destination GeoIP: Portugal]
        [Destination GeoIP Country: Portugal]
Internet Control Message Protocol
