No.     Time           Source                Destination           Protocol Length Info
    498 8.744325701    192.168.1.245         193.136.9.254         ICMP     74     Echo (ping) request  id=0x59d6, seq=1/256, ttl=1 (no response found!)

Frame 498: 74 bytes on wire (592 bits), 74 bytes captured (592 bits) on interface 0
    Interface id: 0 (enp4s0)
        Interface name: enp4s0
    Encapsulation type: Ethernet (1)
    Arrival Time: Oct 20, 2017 01:45:51.218826770 WEST
    [Time shift for this packet: 0.000000000 seconds]
    Epoch Time: 1508460351.218826770 seconds
    [Time delta from previous captured frame: 0.000131919 seconds]
    [Time delta from previous displayed frame: 0.000131919 seconds]
    [Time since reference or first frame: 8.744325701 seconds]
    Frame Number: 498
    Frame Length: 74 bytes (592 bits)
    Capture Length: 74 bytes (592 bits)
    [Frame is marked: False]
    [Frame is ignored: False]
    [Protocols in frame: eth:ethertype:ip:icmp:data]
    [Coloring Rule Name: ICMP]
    [Coloring Rule String: icmp || icmpv6]
Ethernet II, Src: Pegatron_49:f9:c2 (00:71:c2:49:f9:c2), Dst: HuaweiTe_fa:f0:96 (fc:e3:3c:fa:f0:96)
    Destination: HuaweiTe_fa:f0:96 (fc:e3:3c:fa:f0:96)
        Address: HuaweiTe_fa:f0:96 (fc:e3:3c:fa:f0:96)
        .... ..0. .... .... .... .... = LG bit: Globally unique address (factory default)
        .... ...0 .... .... .... .... = IG bit: Individual address (unicast)
    Source: Pegatron_49:f9:c2 (00:71:c2:49:f9:c2)
        Address: Pegatron_49:f9:c2 (00:71:c2:49:f9:c2)
        .... ..0. .... .... .... .... = LG bit: Globally unique address (factory default)
        .... ...0 .... .... .... .... = IG bit: Individual address (unicast)
    Type: IPv4 (0x0800)
Internet Protocol Version 4, Src: 192.168.1.245, Dst: 193.136.9.254
    0100 .... = Version: 4
    .... 0101 = Header Length: 20 bytes (5)
    Differentiated Services Field: 0x00 (DSCP: CS0, ECN: Not-ECT)
    Total Length: 60
    Identification: 0xfd95 (64917)
    Flags: 0x00
    Fragment offset: 0
    Time to live: 1
        [Expert Info (Note/Sequence): "Time To Live" only 1]
            ["Time To Live" only 1]
            [Severity level: Note]
            [Group: Sequence]
    Protocol: ICMP (1)
    Header checksum: 0x2e08 [validation disabled]
    [Header checksum status: Unverified]
    Source: 192.168.1.245
    Destination: 193.136.9.254
    [Source GeoIP: Unknown]
    [Destination GeoIP: Portugal]
        [Destination GeoIP Country: Portugal]
Internet Control Message Protocol
    Type: 8 (Echo (ping) request)
    Code: 0
    Checksum: 0x28a3 [correct]
    [Checksum Status: Good]
    Identifier (BE): 22998 (0x59d6)
    Identifier (LE): 54873 (0xd659)
    Sequence number (BE): 1 (0x0001)
    Sequence number (LE): 256 (0x0100)
    [No response seen]
        [Expert Info (Warning/Sequence): No response seen to ICMP request]
            [No response seen to ICMP request]
            [Severity level: Warning]
            [Group: Sequence]
    Data (32 bytes)

0000  48 49 4a 4b 4c 4d 4e 4f 50 51 52 53 54 55 56 57   HIJKLMNOPQRSTUVW
0010  58 59 5a 5b 5c 5d 5e 5f 60 61 62 63 64 65 66 67   XYZ[\]^_`abcdefg
        Data: 48494a4b4c4d4e4f505152535455565758595a5b5c5d5e5f...
        [Length: 32]
